<?xml version="1.0" encoding="UTF-8"?>
<testsuite xmlns:xsi="http://www.w3.org/2001/XMLSchema-instance" xsi:noNamespaceSchemaLocation="https://maven.apache.org/surefire/maven-surefire-plugin/xsd/surefire-test-report.xsd" name="TestSuite" time="38.58" tests="1" errors="0" skipped="0" failures="1">
  <properties>
[...]
</properties>
  <testcase name="runScenario" classname="stepDef.RunCucumberTest" time="37.995">
    <failure message="element click intercepted: Element is not clickable at point (712, 744)&#10;  (Session info: chrome=111.0.5563.64)&#10;Build info: version: &apos;4.8.0&apos;, revision: &apos;267030adea&apos;&#10;System info: os.name: &apos;Mac OS X&apos;, os.arch: &apos;aarch64&apos;, os.version: &apos;12.6&apos;, java.version: &apos;18.0.2.1&apos;&#10;Driver info: org.openqa.selenium.chrome.ChromeDriver&#10;Command: [dc361a1f6dd9aac8222c7cbc2a22855a, clickElement {id=e9d5d113-6dd8-4558-a151-8783aad47e8f}]&#10;Capabilities {acceptInsecureCerts: false, browserName: chrome, browserVersion: 111.0.5563.64, chrome: {chromedriverVersion: 111.0.5563.64 (c710e93d5b63..., userDataDir: /var/folders/th/f4yf398x0lb...}, goog:chromeOptions: {debuggerAddress: localhost:49483}, networkConnectionEnabled: false, pageLoadStrategy: normal, platformName: MAC, proxy: Proxy(), se:cdp: ws://localhost:49483/devtoo..., se:cdpVersion: 111.0.5563.64, setWindowRect: true, strictFileInteractability: false, timeouts: {implicit: 0, pageLoad: 300000, script: 30000}, unhandledPromptBehavior: dismiss and notify, webauthn:extension:credBlob: true, webauthn:extension:largeBlob: true, webauthn:extension:minPinLength: true, webauthn:extension:prf: true, webauthn:virtualAuthenticators: true}&#10;Element: [[ChromeDriver: chrome on MAC (dc361a1f6dd9aac8222c7cbc2a22855a)] -&gt; xpath: //a[normalize-space()=&apos;Create a new account&apos;]]&#10;Session ID: dc361a1f6dd9aac8222c7cbc2a22855a" type="org.openqa.selenium.ElementClickInterceptedException">org.openqa.selenium.ElementClickInterceptedException: 
element click intercepted: Element is not clickable at point (712, 744)
  (Session info: chrome=111.0.5563.64)
Build info: version: '4.8.0', revision: '267030adea'
System info: os.name: 'Mac OS X', os.arch: 'aarch64', os.version: '12.6', java.version: '18.0.2.1'
Driver info: org.openqa.selenium.chrome.ChromeDriver
Command: [dc361a1f6dd9aac8222c7cbc2a22855a, clickElement {id=e9d5d113-6dd8-4558-a151-8783aad47e8f}]
Capabilities {acceptInsecureCerts: false, browserName: chrome, browserVersion: 111.0.5563.64, chrome: {chromedriverVersion: 111.0.5563.64 (c710e93d5b63..., userDataDir: /var/folders/th/f4yf398x0lb...}, goog:chromeOptions: {debuggerAddress: localhost:49483}, networkConnectionEnabled: false, pageLoadStrategy: normal, platformName: MAC, proxy: Proxy(), se:cdp: ws://localhost:49483/devtoo..., se:cdpVersion: 111.0.5563.64, setWindowRect: true, strictFileInteractability: false, timeouts: {implicit: 0, pageLoad: 300000, script: 30000}, unhandledPromptBehavior: dismiss and notify, webauthn:extension:credBlob: true, webauthn:extension:largeBlob: true, webauthn:extension:minPinLength: true, webauthn:extension:prf: true, webauthn:virtualAuthenticators: true}
Element: [[ChromeDriver: chrome on MAC (dc361a1f6dd9aac8222c7cbc2a22855a)] -> xpath: //a[normalize-space()='Create a new account']]
Session ID: dc361a1f6dd9aac8222c7cbc2a22855a
</failure>
    <system-out><![CDATA[
@UP2 @UP_signIn @regression
Scenario: Ensure create the profile and verify login functionality &amp#27;[90m# src/test/java/features/Upgrade/signIn.feature:7&amp#27;[0m
/Users/manav/.cache/selenium/chromedriver/mac64/111.0.5563.64/chromedriver
  &amp#27;[32mGiven &amp#27;[0m&amp#27;[32mthe user navigates to the homepage&amp#27;[0m                         &amp#27;[90m# stepDef.Upgrade_steps.Upgrade_Account_steps.the_user_navigates_to_the_homepage()&amp#27;[0m
Page has loaded
  &amp#27;[31mAnd &amp#27;[0m&amp#27;[31mthe user creates a new profile&amp#27;[0m                               &amp#27;[90m# stepDef.Upgrade_steps.Upgrade_Account_steps.the_user_creates_a_new_profile()&amp#27;[0m
      &amp#27;[31morg.openqa.selenium.ElementClickInterceptedException: element click intercepted: Element is not clickable at point (712, 744)
  (Session info: chrome=111.0.5563.64)
Build info: version: '4.8.0', revision: '267030adea'
System info: os.name: 'Mac OS X', os.arch: 'aarch64', os.version: '12.6', java.version: '18.0.2.1'
Driver info: org.openqa.selenium.chrome.ChromeDriver
Command: [dc361a1f6dd9aac8222c7cbc2a22855a, clickElement {id=e9d5d113-6dd8-4558-a151-8783aad47e8f}]
Capabilities {acceptInsecureCerts: false, browserName: chrome, browserVersion: 111.0.5563.64, chrome: {chromedriverVersion: 111.0.5563.64 (c710e93d5b63..., userDataDir: /var/folders/th/f4yf398x0lb...}, goog:chromeOptions: {debuggerAddress: localhost:49483}, networkConnectionEnabled: false, pageLoadStrategy: normal, platformName: MAC, proxy: Proxy(), se:cdp: ws://localhost:49483/devtoo..., se:cdpVersion: 111.0.5563.64, setWindowRect: true, strictFileInteractability: false, timeouts: {implicit: 0, pageLoad: 300000, script: 30000}, unhandledPromptBehavior: dismiss and notify, webauthn:extension:credBlob: true, webauthn:extension:largeBlob: true, webauthn:extension:minPinLength: true, webauthn:extension:prf: true, webauthn:virtualAuthenticators: true}
Element: [[ChromeDriver: chrome on MAC (dc361a1f6dd9aac8222c7cbc2a22855a)] -> xpath: //a[normalize-space()='Create a new account']]
Session ID: dc361a1f6dd9aac8222c7cbc2a22855a
	at java.base/jdk.internal.reflect.DirectConstructorHandleAccessor.newInstance(DirectConstructorHandleAccessor.java:67)
	at java.base/java.lang.reflect.Constructor.newInstanceWithCaller(Constructor.java:499)
	at java.base/java.lang.reflect.Constructor.newInstance(Constructor.java:483)
	at org.openqa.selenium.remote.codec.w3c.W3CHttpResponseCodec.createException(W3CHttpResponseCodec.java:200)
	at org.openqa.selenium.remote.codec.w3c.W3CHttpResponseCodec.decode(W3CHttpResponseCodec.java:133)
	at org.openqa.selenium.remote.codec.w3c.W3CHttpResponseCodec.decode(W3CHttpResponseCodec.java:53)
	at org.openqa.selenium.remote.HttpCommandExecutor.execute(HttpCommandExecutor.java:184)
	at org.openqa.selenium.remote.service.DriverCommandExecutor.invokeExecute(DriverCommandExecutor.java:167)
	at org.openqa.selenium.remote.service.DriverCommandExecutor.execute(DriverCommandExecutor.java:142)
	at org.openqa.selenium.remote.RemoteWebDriver.execute(RemoteWebDriver.java:543)
	at org.openqa.selenium.remote.RemoteWebElement.execute(RemoteWebElement.java:257)
	at org.openqa.selenium.remote.RemoteWebElement.click(RemoteWebElement.java:78)
	at java.base/jdk.internal.reflect.DirectMethodHandleAccessor.invoke(DirectMethodHandleAccessor.java:104)
	at java.base/java.lang.reflect.Method.invoke(Method.java:577)
	at org.openqa.selenium.support.pagefactory.internal.LocatingElementHandler.invoke(LocatingElementHandler.java:52)
	at jdk.proxy2/jdk.proxy2.$Proxy26.click(Unknown Source)
	at pageObject.Upgrade_page.Upgrade_Account_page.clickOnCreateAccount(Upgrade_Account_page.java:52)
	at stepDef.Upgrade_steps.Upgrade_Account_steps.the_user_creates_a_new_profile(Upgrade_Account_steps.java:26)
	at ✽.the user creates a new profile(file:///Users/manav/Documents/demoPractice/demoProjectForPractice/src/test/java/features/Upgrade/signIn.feature:8)
&amp#27;[0m
  &amp#27;[36mAnd &amp#27;[0m&amp#27;[36mthe user enter valid username and password&amp#27;[0m                   &amp#27;[90m# stepDef.Upgrade_steps.Upgrade_Account_steps.the_user_enter_valid_username_and_password()&amp#27;[0m

    Embedding Ensure create the profile and verify login functionality [image/png 96190 bytes]

]]></system-out>
    <system-err><![CDATA[SLF4J: No SLF4J providers were found.
SLF4J: Defaulting to no-operation (NOP) logger implementation
SLF4J: See https://www.slf4j.org/codes.html#noProviders for further details.
ChromeDriver was started successfully.
Mar 22, 2023 5:20:17 PM org.openqa.selenium.devtools.CdpVersionFinder findNearestMatch
WARNING: Unable to find an exact match for CDP version 111, so returning the closest version found: 109
]]></system-err>
  </testcase>
</testsuite>